<?xml version="1.0" encoding="UTF-8"?>
<!-- Generated by org.testng.reporters.JUnitReportReporter -->
<testsuite hostname="DESKTOP-VT6ITUR" failures="0" tests="1" name="PracticeTestNG.Tests" time="3.024" errors="0" timestamp="2022-04-22T01:36:42 IST" skipped="0">
  <testcase classname="PracticeTestNG.Tests" name="openGoogle" time="3.024"/>
  <system-out/>
</testsuite> <!-- PracticeTestNG.Tests -->
