<?xml version="1.0" encoding="UTF-8"?>
<!-- Generated by org.testng.reporters.JUnitReportReporter -->
<testsuite hostname="DESKTOP-VT6ITUR" failures="0" tests="1" name="PracticeTestNG.googlePage" time="3.459" errors="0" timestamp="27 May 2022 13:14:24 GMT">
  <testcase classname="PracticeTestNG.googlePage" name="googleSearchBoxIsPresent" time="3.459"/>
</testsuite> <!-- PracticeTestNG.googlePage -->
