<?xml version="1.0" encoding="UTF-8"?>
<!-- Generated by org.testng.reporters.JUnitReportReporter -->
<testsuite hostname="DESKTOP-VT6ITUR" failures="0" tests="1" name="PracticeTestNG.Tests" time="8.753" errors="0" timestamp="3 Jun 2022 14:42:52 GMT">
  <testcase classname="PracticeTestNG.Tests" name="table" time="8.753"/>
</testsuite> <!-- PracticeTestNG.Tests -->
