<?xml version="1.0" encoding="UTF-8"?>
<!-- Generated by org.testng.reporters.JUnitReportReporter -->
<testsuite hostname="DESKTOP-VT6ITUR" failures="0" tests="3" name="PracticeTestNG.Tests2" time="7.123" errors="0" timestamp="10 May 2022 13:49:17 GMT">
  <testcase classname="PracticeTestNG.Tests2" name="cearchInSearchBox" time="4.512"/>
  <testcase classname="PracticeTestNG.Tests2" name="aearchInSearchBox" time="1.300"/>
  <testcase classname="PracticeTestNG.Tests2" name="bearchInSearchBox" time="1.311"/>
</testsuite> <!-- PracticeTestNG.Tests2 -->
