<?xml version="1.0" encoding="UTF-8"?>
<!-- Generated by org.testng.reporters.JUnitReportReporter -->
<testsuite hostname="DESKTOP-VT6ITUR" failures="0" tests="1" name="Maven.Test.AppTest" time="0.003" errors="0" timestamp="18 Apr 2022 11:37:58 GMT">
  <testcase classname="Maven.Test.AppTest" name="shouldAnswerWithTrue" time="0.003"/>
</testsuite> <!-- Maven.Test.AppTest -->
